<?xml version="1.0" encoding="UTF-8"?>
<!-- Generated by org.testng.reporters.JUnitReportReporter -->
<testsuite hostname="SRV03WAP101" failures="0" tests="1" name="com.mnt.webbanking.Test.TestController" time="34.041" errors="0" timestamp="12 Feb 2019 09:06:55 GMT">
  <testcase classname="com.mnt.webbanking.Test.TestController" name="TestCaseController" time="34.041"/>
</testsuite> <!-- com.mnt.webbanking.Test.TestController -->
