<?xml version="1.0" encoding="UTF-8"?>
<!-- Generated by org.testng.reporters.JUnitReportReporter -->
<testsuite hostname="SRV03WAP101" failures="0" tests="1" name="com.Test.TestController" time="35.418" errors="0" timestamp="12 Feb 2019 12:03:16 GMT">
  <testcase classname="com.Test.TestController" name="TestCaseController" time="35.418"/>
</testsuite> <!-- com.Test.TestController -->
